<?xml version="1.0" encoding="UTF-8"?>
<coverage generated="1655641482372" clover="3.2.0">
  <project timestamp="1655641482372" name="All files">
    <metrics statements="18" coveredstatements="16" conditionals="2" coveredconditionals="2" methods="8" coveredmethods="6" elements="28" coveredelements="24" complexity="0" loc="18" ncloc="18" packages="1" files="3" classes="3"/>
    <file name="host.js" path="/home/mirwais/Documents/Full-Stack-Web-Development/system-analysis/4-jest-framework-unit-testing/host.js">
      <metrics statements="5" coveredstatements="5" conditionals="2" coveredconditionals="2" methods="2" coveredmethods="2"/>
      <line num="2" count="1" type="stmt"/>
      <line num="3" count="1" type="stmt"/>
      <line num="6" count="2" type="stmt"/>
      <line num="11" count="2" type="cond" truecount="2" falsecount="0"/>
      <line num="15" count="1" type="stmt"/>
    </file>
    <file name="test-driven-development.js" path="/home/mirwais/Documents/Full-Stack-Web-Development/system-analysis/4-jest-framework-unit-testing/test-driven-development.js">
      <metrics statements="2" coveredstatements="2" conditionals="0" coveredconditionals="0" methods="2" coveredmethods="2"/>
      <line num="24" count="14" type="stmt"/>
      <line num="26" count="1" type="stmt"/>
    </file>
    <file name="utils.js" path="/home/mirwais/Documents/Full-Stack-Web-Development/system-analysis/4-jest-framework-unit-testing/utils.js">
      <metrics statements="11" coveredstatements="9" conditionals="0" coveredconditionals="0" methods="4" coveredmethods="2"/>
      <line num="1" count="1" type="stmt"/>
      <line num="3" count="1" type="stmt"/>
      <line num="4" count="1" type="stmt"/>
      <line num="5" count="1" type="stmt"/>
      <line num="6" count="1" type="stmt"/>
      <line num="7" count="1" type="stmt"/>
      <line num="11" count="1" type="stmt"/>
      <line num="12" count="0" type="stmt"/>
      <line num="13" count="0" type="stmt"/>
      <line num="17" count="1" type="stmt"/>
      <line num="18" count="1" type="stmt"/>
    </file>
  </project>
</coverage>
