{"/home/mirwais/Documents/Full-Stack-Web-Development/system-analysis/4-jest-framework-unit-testing/host.js": {"path":"/home/mirwais/Documents/Full-Stack-Web-Development/system-analysis/4-jest-framework-unit-testing/host.js","statementMap":{"0":{"start":{"line":2,"column":22},"end":{"line":4,"column":5}},"1":{"start":{"line":3,"column":8},"end":{"line":3,"column":18}},"2":{"start":{"line":6,"column":23},"end":{"line":12,"column":5}},"3":{"start":{"line":11,"column":8},"end":{"line":11,"column":46}},"4":{"start":{"line":15,"column":0},"end":{"line":15,"column":21}}},"fnMap":{"0":{"name":"(anonymous_0)","decl":{"start":{"line":2,"column":22},"end":{"line":2,"column":23}},"loc":{"start":{"line":2,"column":31},"end":{"line":4,"column":5}},"line":2},"1":{"name":"(anonymous_1)","decl":{"start":{"line":6,"column":23},"end":{"line":6,"column":24}},"loc":{"start":{"line":6,"column":33},"end":{"line":12,"column":5}},"line":6}},"branchMap":{"0":{"loc":{"start":{"line":11,"column":27},"end":{"line":11,"column":45}},"type":"binary-expr","locations":[{"start":{"line":11,"column":27},"end":{"line":11,"column":31}},{"start":{"line":11,"column":35},"end":{"line":11,"column":45}}],"line":11}},"s":{"0":1,"1":1,"2":2,"3":2,"4":1},"f":{"0":1,"1":2},"b":{"0":[2,1]},"_coverageSchema":"1a1c01bbd47fc00a2c39e90264f33305004495a9","hash":"d23367c8240a8f21a574ec0432b225c7928f5e6c"}
,"/home/mirwais/Documents/Full-Stack-Web-Development/system-analysis/4-jest-framework-unit-testing/test-driven-development.js": {"path":"/home/mirwais/Documents/Full-Stack-Web-Development/system-analysis/4-jest-framework-unit-testing/test-driven-development.js","statementMap":{"0":{"start":{"line":24,"column":14},"end":{"line":24,"column":82}},"1":{"start":{"line":24,"column":30},"end":{"line":24,"column":82}},"2":{"start":{"line":24,"column":64},"end":{"line":24,"column":78}},"3":{"start":{"line":26,"column":0},"end":{"line":26,"column":22}}},"fnMap":{"0":{"name":"(anonymous_0)","decl":{"start":{"line":24,"column":14},"end":{"line":24,"column":15}},"loc":{"start":{"line":24,"column":30},"end":{"line":24,"column":82}},"line":24},"1":{"name":"(anonymous_1)","decl":{"start":{"line":24,"column":45},"end":{"line":24,"column":46}},"loc":{"start":{"line":24,"column":64},"end":{"line":24,"column":78}},"line":24}},"branchMap":{},"s":{"0":1,"1":5,"2":14,"3":1},"f":{"0":5,"1":14},"b":{},"_coverageSchema":"1a1c01bbd47fc00a2c39e90264f33305004495a9","hash":"8eeeb0719f66ae457aca2e15540a1be1559f1d12"}
,"/home/mirwais/Documents/Full-Stack-Web-Development/system-analysis/4-jest-framework-unit-testing/utils.js": {"path":"/home/mirwais/Documents/Full-Stack-Web-Development/system-analysis/4-jest-framework-unit-testing/utils.js","statementMap":{"0":{"start":{"line":1,"column":20},"end":{"line":1,"column":40}},"1":{"start":{"line":3,"column":18},"end":{"line":9,"column":1}},"2":{"start":{"line":4,"column":2},"end":{"line":8,"column":5}},"3":{"start":{"line":5,"column":18},"end":{"line":5,"column":37}},"4":{"start":{"line":6,"column":29},"end":{"line":6,"column":48}},"5":{"start":{"line":7,"column":4},"end":{"line":7,"column":28}},"6":{"start":{"line":11,"column":19},"end":{"line":15,"column":1}},"7":{"start":{"line":12,"column":2},"end":{"line":14,"column":5}},"8":{"start":{"line":13,"column":4},"end":{"line":13,"column":23}},"9":{"start":{"line":17,"column":0},"end":{"line":17,"column":32}},"10":{"start":{"line":18,"column":0},"end":{"line":18,"column":30}}},"fnMap":{"0":{"name":"(anonymous_0)","decl":{"start":{"line":3,"column":18},"end":{"line":3,"column":19}},"loc":{"start":{"line":3,"column":24},"end":{"line":9,"column":1}},"line":3},"1":{"name":"(anonymous_1)","decl":{"start":{"line":4,"column":26},"end":{"line":4,"column":27}},"loc":{"start":{"line":4,"column":43},"end":{"line":8,"column":3}},"line":4},"2":{"name":"(anonymous_2)","decl":{"start":{"line":11,"column":19},"end":{"line":11,"column":20}},"loc":{"start":{"line":11,"column":25},"end":{"line":15,"column":1}},"line":11},"3":{"name":"(anonymous_3)","decl":{"start":{"line":12,"column":19},"end":{"line":12,"column":20}},"loc":{"start":{"line":12,"column":28},"end":{"line":14,"column":3}},"line":12}},"branchMap":{},"s":{"0":1,"1":1,"2":1,"3":1,"4":1,"5":1,"6":1,"7":0,"8":0,"9":1,"10":1},"f":{"0":1,"1":1,"2":0,"3":0},"b":{},"_coverageSchema":"1a1c01bbd47fc00a2c39e90264f33305004495a9","hash":"232a4a023d6edaab4a601f5275fc406d5bf33fa1"}
}
